[    0.000000] Linux version 4.15.0-192-generic (buildd@lcy02-amd64-029) (gcc version 7.5.0 (Ubuntu 7.5.0-3ubuntu1~18.04)) #203-Ubuntu SMP Wed Aug 10 17:40:03 UTC 2022 (Ubuntu 4.15.0-192.203-generic 4.15.18)
[    0.000000] Command line: BOOT_IMAGE=/boot/vmlinuz-4.15.0-192-generic root=LABEL=cloudimg-rootfs ro console=tty1 console=ttyS0
[    0.000000] KERNEL supported cpus:
[    0.000000]   Intel GenuineIntel
[    0.000000]   AMD AuthenticAMD
[    0.000000]   Centaur CentaurHauls
[    0.000000] x86/fpu: x87 FPU will use FXSAVE
[    0.000000] e820: BIOS-provided physical RAM map:
[    0.000000] BIOS-e820: [mem 0x0000000000000000-0x000000000009fbff] usable
[    0.000000] BIOS-e820: [mem 0x000000000009fc00-0x000000000009ffff] reserved
[    0.000000] BIOS-e820: [mem 0x00000000000f0000-0x00000000000fffff] reserved
[    0.000000] BIOS-e820: [mem 0x0000000000100000-0x000000003ffeffff] usable
[    0.000000] BIOS-e820: [mem 0x000000003fff0000-0x000000003fffffff] ACPI data
[    0.000000] BIOS-e820: [mem 0x00000000fec00000-0x00000000fec00fff] reserved
[    0.000000] BIOS-e820: [mem 0x00000000fee00000-0x00000000fee00fff] reserved
[    0.000000] BIOS-e820: [mem 0x00000000fffc0000-0x00000000ffffffff] reserved
[    0.000000] NX (Execute Disable) protection: active
[    0.000000] SMBIOS 2.5 present.
[    0.000000] DMI: innotek GmbH VirtualBox/VirtualBox, BIOS VirtualBox 12/01/2006
[    0.000000] Hypervisor detected: KVM
[    0.000000] e820: last_pfn = 0x3fff0 max_arch_pfn = 0x400000000
[    0.000000] MTRR: Disabled
[    0.000000] x86/PAT: MTRRs disabled, skipping PAT initialization too.
[    0.000000] CPU MTRRs all blank - virtualized system.
[    0.000000] x86/PAT: Configuration [0-7]: WB  WT  UC- UC  WB  WT  UC- UC  
[    0.000000] found SMP MP-table at [mem 0x0009fff0-0x0009ffff]
[    0.000000] Scanning 1 areas for low memory corruption
[    0.000000] RAMDISK: [mem 0x359cb000-0x36cdcfff]
[    0.000000] ACPI: Early table checksum verification disabled
[    0.000000] ACPI: RSDP 0x00000000000E0000 000024 (v02 VBOX  )
[    0.000000] ACPI: XSDT 0x000000003FFF0030 00003C (v01 VBOX   VBOXXSDT 00000001 ASL  00000061)
[    0.000000] ACPI: FACP 0x000000003FFF00F0 0000F4 (v04 VBOX   VBOXFACP 00000001 ASL  00000061)
[    0.000000] ACPI: DSDT 0x000000003FFF0470 002325 (v02 VBOX   VBOXBIOS 00000002 INTL 20100528)
[    0.000000] ACPI: FACS 0x000000003FFF0200 000040
[    0.000000] ACPI: FACS 0x000000003FFF0200 000040
[    0.000000] ACPI: APIC 0x000000003FFF0240 00005C (v02 VBOX   VBOXAPIC 00000001 ASL  00000061)
[    0.000000] ACPI: SSDT 0x000000003FFF02A0 0001CC (v01 VBOX   VBOXCPUT 00000002 INTL 20100528)
[    0.000000] ACPI: Reserving FACP table memory at [mem 0x3fff00f0-0x3fff01e3]
[    0.000000] ACPI: Reserving DSDT table memory at [mem 0x3fff0470-0x3fff2794]
[    0.000000] ACPI: Reserving FACS table memory at [mem 0x3fff0200-0x3fff023f]
[    0.000000] ACPI: Reserving FACS table memory at [mem 0x3fff0200-0x3fff023f]
[    0.000000] ACPI: Reserving APIC table memory at [mem 0x3fff0240-0x3fff029b]
[    0.000000] ACPI: Reserving SSDT table memory at [mem 0x3fff02a0-0x3fff046b]
[    0.000000] No NUMA configuration found
[    0.000000] Faking a node at [mem 0x0000000000000000-0x000000003ffeffff]
[    0.000000] NODE_DATA(0) allocated [mem 0x3ffc5000-0x3ffeffff]
[    0.000000] kvm-clock: cpu 0, msr 0:3ff44001, primary cpu clock
[    0.000000] kvm-clock: Using msrs 4b564d01 and 4b564d00
[    0.000000] kvm-clock: using sched offset of 4754975103 cycles
[    0.000000] clocksource: kvm-clock: mask: 0xffffffffffffffff max_cycles: 0x1cd42e4dffb, max_idle_ns: 881590591483 ns
[    0.000000] Zone ranges:
[    0.000000]   DMA      [mem 0x0000000000001000-0x0000000000ffffff]
[    0.000000]   DMA32    [mem 0x0000000001000000-0x000000003ffeffff]
[    0.000000]   Normal   empty
[    0.000000]   Device   empty
[    0.000000] Movable zone start for each node
[    0.000000] Early memory node ranges
[    0.000000]   node   0: [mem 0x0000000000001000-0x000000000009efff]
[    0.000000]   node   0: [mem 0x0000000000100000-0x000000003ffeffff]
[    0.000000] Reserved but unavailable: 104 pages
[    0.000000] Initmem setup node 0 [mem 0x0000000000001000-0x000000003ffeffff]
[    0.000000] ACPI: PM-Timer IO Port: 0x4008
[    0.000000] IOAPIC[0]: apic_id 2, version 32, address 0xfec00000, GSI 0-23
[    0.000000] ACPI: INT_SRC_OVR (bus 0 bus_irq 0 global_irq 2 dfl dfl)
[    0.000000] ACPI: INT_SRC_OVR (bus 0 bus_irq 9 global_irq 9 low level)
[    0.000000] Using ACPI (MADT) for SMP configuration information
[    0.000000] smpboot: Allowing 2 CPUs, 0 hotplug CPUs
[    0.000000] PM: Registered nosave memory: [mem 0x00000000-0x00000fff]
[    0.000000] PM: Registered nosave memory: [mem 0x0009f000-0x0009ffff]
[    0.000000] PM: Registered nosave memory: [mem 0x000a0000-0x000effff]
[    0.000000] PM: Registered nosave memory: [mem 0x000f0000-0x000fffff]
[    0.000000] e820: [mem 0x40000000-0xfebfffff] available for PCI devices
[    0.000000] Booting paravirtualized kernel on KVM
[    0.000000] clocksource: refined-jiffies: mask: 0xffffffff max_cycles: 0xffffffff, max_idle_ns: 7645519600211568 ns
[    0.000000] random: get_random_bytes called from start_kernel+0x99/0x500 with crng_init=0
[    0.000000] setup_percpu: NR_CPUS:8192 nr_cpumask_bits:2 nr_cpu_ids:2 nr_node_ids:1
[    0.000000] percpu: Embedded 50 pages/cpu s167936 r8192 d28672 u1048576
[    0.000000] PV qspinlock hash table entries: 256 (order: 0, 4096 bytes)
[    0.000000] Built 1 zonelists, mobility grouping on.  Total pages: 257913
[    0.000000] Policy zone: DMA32
[    0.000000] Kernel command line: BOOT_IMAGE=/boot/vmlinuz-4.15.0-192-generic root=LABEL=cloudimg-rootfs ro console=tty1 console=ttyS0
[    0.000000] Memory: 982648K/1048120K available (12300K kernel code, 2484K rwdata, 4324K rodata, 2468K init, 2724K bss, 65472K reserved, 0K cma-reserved)
[    0.000000] SLUB: HWalign=64, Order=0-3, MinObjects=0, CPUs=2, Nodes=1
[    0.000000] Kernel/User page tables isolation: enabled
[    0.000000] ftrace: allocating 39482 entries in 155 pages
[    0.004000] Hierarchical RCU implementation.
[    0.004000] 	RCU restricting CPUs from NR_CPUS=8192 to nr_cpu_ids=2.
[    0.004000] 	Tasks RCU enabled.
[    0.004000] RCU: Adjusting geometry for rcu_fanout_leaf=16, nr_cpu_ids=2
[    0.004000] NR_IRQS: 524544, nr_irqs: 440, preallocated irqs: 16
[    0.004000] Console: colour VGA+ 80x25
[    0.004000] console [tty1] enabled
[    0.004000] console [ttyS0] enabled
[    0.004000] ACPI: Core revision 20170831
[    0.004000] ACPI: 2 ACPI AML tables successfully acquired and loaded
[    0.004000] APIC: Switch to symmetric I/O mode setup
[    0.008000] ..TIMER: vector=0x30 apic1=0 pin1=2 apic2=-1 pin2=-1
[    0.012007] tsc: Detected 1799.999 MHz processor
[    0.016012] Calibrating delay loop (skipped) preset value.. 3599.99 BogoMIPS (lpj=7199996)
[    0.020003] pid_max: default: 32768 minimum: 301
[    0.024086] Security Framework initialized
[    0.028003] Yama: becoming mindful.
[    0.032097] AppArmor: AppArmor initialized
[    0.041029] Dentry cache hash table entries: 131072 (order: 8, 1048576 bytes)
[    0.046293] Inode-cache hash table entries: 65536 (order: 7, 524288 bytes)
[    0.048101] Mount-cache hash table entries: 2048 (order: 2, 16384 bytes)
[    0.052074] Mountpoint-cache hash table entries: 2048 (order: 2, 16384 bytes)
[    0.060782] Last level iTLB entries: 4KB 64, 2MB 8, 4MB 8
[    0.064007] Last level dTLB entries: 4KB 64, 2MB 0, 4MB 0, 1GB 4
[    0.068004] Spectre V1 : Mitigation: usercopy/swapgs barriers and __user pointer sanitization
[    0.072005] Spectre V2 : Mitigation: Retpolines
[    0.076002] Spectre V2 : Spectre v2 / SpectreRSB mitigation: Filling RSB on context switch
[    0.080003] Speculative Store Bypass: Vulnerable
[    0.084113] MDS: Mitigation: Clear CPU buffers
[    0.088004] MMIO Stale Data: Mitigation: Clear CPU buffers
[    0.092184] Freeing SMP alternatives memory: 36K
[    0.210215] smpboot: CPU0: Intel(R) Core(TM) i5-8250U CPU @ 1.60GHz (family: 0x6, model: 0x8e, stepping: 0xa)
[    0.212591] Performance Events: unsupported p6 CPU model 142 no PMU driver, software events only.
[    0.216221] Hierarchical SRCU implementation.
[    0.224221] NMI watchdog: Perf event create on CPU 0 failed with -2
[    0.228009] NMI watchdog: Perf NMI watchdog permanently disabled
[    0.232679] smp: Bringing up secondary CPUs ...
[    0.237381] x86: Booting SMP configuration:
[    0.240006] .... node  #0, CPUs:      #1
[    0.004000] kvm-clock: cpu 1, msr 0:3ff44041, secondary cpu clock
[    0.258164] smp: Brought up 1 node, 2 CPUs
[    0.264011] smpboot: Max logical packages: 1
[    0.268012] smpboot: Total of 2 processors activated (7199.99 BogoMIPS)
[    0.276635] devtmpfs: initialized
[    0.280117] x86/mm: Memory block size: 128MB
[    0.284444] evm: security.selinux
[    0.288004] evm: security.SMACK64
[    0.291875] evm: security.SMACK64EXEC
[    0.292002] evm: security.SMACK64TRANSMUTE
[    0.296002] evm: security.SMACK64MMAP
[    0.300002] evm: security.apparmor
[    0.303661] evm: security.ima
[    0.304002] evm: security.capability
[    0.312436] clocksource: jiffies: mask: 0xffffffff max_cycles: 0xffffffff, max_idle_ns: 7645041785100000 ns
[    0.316008] futex hash table entries: 512 (order: 3, 32768 bytes)
[    0.320206] pinctrl core: initialized pinctrl subsystem
[    0.328003] RTC time: 19:01:54, date: 10/14/22
[    0.333399] NET: Registered protocol family 16
[    0.336126] audit: initializing netlink subsys (disabled)
[    0.340270] audit: type=2000 audit(1665774120.834:1): state=initialized audit_enabled=0 res=1
[    0.356009] cpuidle: using governor ladder
[    0.360011] cpuidle: using governor menu
[    0.364051] ACPI: bus type PCI registered
[    0.368004] acpiphp: ACPI Hot Plug PCI Controller Driver version: 0.5
[    0.376674] PCI: Using configuration type 1 for base access
[    0.388390] HugeTLB registered 2.00 MiB page size, pre-allocated 0 pages
[    0.400380] ACPI: Added _OSI(Module Device)
[    0.404124] ACPI: Added _OSI(Processor Device)
[    0.408010] ACPI: Added _OSI(3.0 _SCP Extensions)
[    0.412003] ACPI: Added _OSI(Processor Aggregator Device)
[    0.416003] ACPI: Added _OSI(Linux-Dell-Video)
[    0.420004] ACPI: Added _OSI(Linux-Lenovo-NV-HDMI-Audio)
[    0.424003] ACPI: Added _OSI(Linux-HPI-Hybrid-Graphics)
[    0.428989] ACPI: Executed 1 blocks of module-level executable AML code
[    0.438674] ACPI: Interpreter enabled
[    0.440019] ACPI: (supports S0 S5)
[    0.444003] ACPI: Using IOAPIC for interrupt routing
[    0.448463] PCI: Using host bridge windows from ACPI; if necessary, use "pci=nocrs" and report a bug
[    0.452294] ACPI: Enabled 2 GPEs in block 00 to 07
[    0.470361] ACPI: PCI Root Bridge [PCI0] (domain 0000 [bus 00-ff])
[    0.472011] acpi PNP0A03:00: _OSC: OS supports [ASPM ClockPM Segments MSI]
[    0.480887] acpi PNP0A03:00: _OSC: not requesting OS control; OS requires [ExtendedConfig ASPM ClockPM MSI]
[    0.484022] acpi PNP0A03:00: fail to add MMCONFIG information, can't access extended PCI configuration space under this bridge.
[    0.492224] PCI host bridge to bus 0000:00
[    0.496006] pci_bus 0000:00: root bus resource [io  0x0000-0x0cf7 window]
[    0.500004] pci_bus 0000:00: root bus resource [io  0x0d00-0xffff window]
[    0.504004] pci_bus 0000:00: root bus resource [mem 0x000a0000-0x000bffff window]
[    0.508004] pci_bus 0000:00: root bus resource [mem 0x40000000-0xfdffffff window]
[    0.512005] pci_bus 0000:00: root bus resource [bus 00-ff]
[    0.526714] pci 0000:00:01.1: legacy IDE quirk: reg 0x10: [io  0x01f0-0x01f7]
[    0.528003] pci 0000:00:01.1: legacy IDE quirk: reg 0x14: [io  0x03f6]
[    0.532003] pci 0000:00:01.1: legacy IDE quirk: reg 0x18: [io  0x0170-0x0177]
[    0.536003] pci 0000:00:01.1: legacy IDE quirk: reg 0x1c: [io  0x0376]
[    0.565237] pci 0000:00:07.0: quirk: [io  0x4000-0x403f] claimed by PIIX4 ACPI
[    0.568046] pci 0000:00:07.0: quirk: [io  0x4100-0x410f] claimed by PIIX4 SMB
[    0.582859] ACPI: PCI Interrupt Link [LNKA] (IRQs 5 9 10 *11)
[    0.584776] ACPI: PCI Interrupt Link [LNKB] (IRQs 5 9 *10 11)
[    0.588244] ACPI: PCI Interrupt Link [LNKC] (IRQs 5 *9 10 11)
[    0.596248] ACPI: PCI Interrupt Link [LNKD] (IRQs 5 9 10 *11)
[    0.600886] SCSI subsystem initialized
[    0.604219] pci 0000:00:02.0: vgaarb: setting as boot VGA device
[    0.608000] pci 0000:00:02.0: vgaarb: VGA device added: decodes=io+mem,owns=io+mem,locks=none
[    0.608005] pci 0000:00:02.0: vgaarb: bridge control possible
[    0.612003] vgaarb: loaded
[    0.615578] ACPI: bus type USB registered
[    0.620047] usbcore: registered new interface driver usbfs
[    0.624012] usbcore: registered new interface driver hub
[    0.628014] usbcore: registered new device driver usb
[    0.632266] EDAC MC: Ver: 3.0.0
[    0.640419] PCI: Using ACPI for IRQ routing
[    0.644876] NetLabel: Initializing
[    0.648008] NetLabel:  domain hash size = 128
[    0.652005] NetLabel:  protocols = UNLABELED CIPSOv4 CALIPSO
[    0.656024] NetLabel:  unlabeled traffic allowed by default
[    0.660250] clocksource: Switched to clocksource kvm-clock
[    0.682885] VFS: Disk quotas dquot_6.6.0
[    0.682885] VFS: Dquot-cache hash table entries: 512 (order 0, 4096 bytes)
[    0.682885] AppArmor: AppArmor Filesystem Enabled
[    0.682885] pnp: PnP ACPI init
[    0.682885] pnp: PnP ACPI: found 3 devices
[    0.791237] clocksource: acpi_pm: mask: 0xffffff max_cycles: 0xffffff, max_idle_ns: 2085701024 ns
[    0.792672] NET: Registered protocol family 2
[    0.792672] IP idents hash table entries: 16384 (order: 5, 131072 bytes)
[    0.814548] TCP established hash table entries: 8192 (order: 4, 65536 bytes)
[    0.822673] TCP bind hash table entries: 8192 (order: 5, 131072 bytes)
[    0.830690] TCP: Hash tables configured (established 8192 bind 8192)
[    0.834111] UDP hash table entries: 512 (order: 2, 16384 bytes)
[    0.834111] UDP-Lite hash table entries: 512 (order: 2, 16384 bytes)
[    0.834111] NET: Registered protocol family 1
[    0.834111] pci 0000:00:00.0: Limiting direct PCI/PCI transfers
[    0.834111] pci 0000:00:01.0: Activating ISA DMA hang workarounds
[    0.834111] pci 0000:00:02.0: Video device with shadowed ROM at [mem 0x000c0000-0x000dffff]
[    0.834111] Unpacking initramfs...
[    1.421784] Freeing initrd memory: 19528K
[    1.426876] clocksource: tsc: mask: 0xffffffffffffffff max_cycles: 0x19f228ab7a2, max_idle_ns: 440795289252 ns
[    1.437241] platform rtc_cmos: registered platform RTC device (no PNP device found)
[    1.446803] Scanning for low memory corruption every 60 seconds
[    1.456437] Initialise system trusted keyrings
[    1.462060] Key type blacklist registered
[    1.468464] workingset: timestamp_bits=36 max_order=18 bucket_order=0
[    1.477496] zbud: loaded
[    1.482318] squashfs: version 4.0 (2009/01/31) Phillip Lougher
[    1.489873] fuse init (API version 7.26)
[    1.517538] Key type asymmetric registered
[    1.522650] Asymmetric key parser 'x509' registered
[    1.528378] Block layer SCSI generic (bsg) driver version 0.4 loaded (major 246)
[    1.536956] io scheduler noop registered
[    1.541736] io scheduler deadline registered
[    1.546892] io scheduler cfq registered (default)
[    1.553149] ACPI: AC Adapter [AC] (off-line)
[    1.558692] input: Power Button as /devices/LNXSYSTM:00/LNXPWRBN:00/input/input0
[    1.569853] ACPI: Power Button [PWRF]
[    1.574572] input: Sleep Button as /devices/LNXSYSTM:00/LNXSLPBN:00/input/input1
[    1.583542] ACPI: Sleep Button [SLPF]
[    1.590952] ACPI: Battery Slot [BAT0] (battery present)
[    1.593343] Serial: 8250/16550 driver, 32 ports, IRQ sharing enabled
[    1.636951] 00:02: ttyS0 at I/O 0x3f8 (irq = 4, base_baud = 115200) is a 16550A
[    1.646648] Linux agpgart interface v0.103
[    1.655693] loop: module loaded
[    1.663068] scsi host0: ata_piix
[    1.668954] scsi host1: ata_piix
[    1.673434] ata1: PATA max UDMA/33 cmd 0x1f0 ctl 0x3f6 bmdma 0xd000 irq 14
[    1.681218] ata2: PATA max UDMA/33 cmd 0x170 ctl 0x376 bmdma 0xd008 irq 15
[    1.689149] tun: Universal TUN/TAP device driver, 1.6
[    1.695575] PPP generic driver version 2.4.2
[    1.701761] ehci_hcd: USB 2.0 'Enhanced' Host Controller (EHCI) Driver
[    1.709154] ehci-pci: EHCI PCI platform driver
[    1.714725] ehci-platform: EHCI generic platform driver
[    1.721059] ohci_hcd: USB 1.1 'Open' Host Controller (OHCI) Driver
[    1.728238] ohci-pci: OHCI PCI platform driver
[    1.733818] ohci-platform: OHCI generic platform driver
[    1.740224] uhci_hcd: USB Universal Host Controller Interface driver
[    1.749672] i8042: PNP: PS/2 Controller [PNP0303:PS2K,PNP0f03:PS2M] at 0x60,0x64 irq 1,12
[    1.763279] serio: i8042 KBD port at 0x60,0x64 irq 1
[    1.769545] serio: i8042 AUX port at 0x60,0x64 irq 12
[    1.775836] mousedev: PS/2 mouse device common for all mice
[    1.785006] input: AT Translated Set 2 keyboard as /devices/platform/i8042/serio0/input/input2
[    1.796488] rtc_cmos rtc_cmos: rtc core: registered rtc_cmos as rtc0
[    1.804377] rtc_cmos rtc_cmos: alarms up to one day, 114 bytes nvram
[    1.811997] i2c /dev entries driver
[    1.818472] device-mapper: uevent: version 1.0.3
[    1.826417] device-mapper: ioctl: 4.37.0-ioctl (2017-09-20) initialised: dm-devel@redhat.com
[    1.838734] ledtrig-cpu: registered to indicate activity on CPUs
[    1.850124] NET: Registered protocol family 10
[    1.922304] Segment Routing with IPv6
[    1.927338] NET: Registered protocol family 17
[    1.933489] Key type dns_resolver registered
[    1.939686] mce: Using 0 MCE banks
[    1.944501] RAS: Correctable Errors collector initialized.
[    1.951015] sched_clock: Marking stable (1950926798, 0)->(2894663726, -943736928)
[    1.963940] registered taskstats version 1
[    1.969315] Loading compiled-in X.509 certificates
[    1.982694] Loaded X.509 cert 'Build time autogenerated kernel key: af04d57e94487e4500da7630f19b69a59e91d95a'
[    1.994077] Loaded X.509 cert 'Canonical Ltd. Live Patch Signing: 14df34d1a87cf37625abec039ef2bf521249b969'
[    2.005262] Loaded X.509 cert 'Canonical Ltd. Kernel Module Signing: 88f752e560a1e0737e31163a466ad7b70a850c19'
[    2.016509] blacklist: Loading compiled-in revocation X.509 certificates
[    2.024141] Loaded X.509 cert 'Canonical Ltd. Secure Boot Signing: 61482aa2830d0ab2ad5af10b7250da9033ddcef0'
[    2.034976] zswap: loaded using pool lzo/zbud
[    2.051373] Key type big_key registered
[    2.056678] Key type trusted registered
[    2.065302] Key type encrypted registered
[    2.070555] AppArmor: AppArmor sha1 policy hashing enabled
[    2.077346] ima: No TPM chip found, activating TPM-bypass! (rc=-19)
[    2.084818] ima: Allocated hash algorithm: sha1
[    2.090444] evm: HMAC attrs: 0x1
[    2.095502]   Magic number: 10:55:41
[    2.100781] bdi 7:6: hash matches
[    2.105785] rtc_cmos rtc_cmos: setting system clock to 2022-10-14 19:01:56 UTC (1665774116)
[    2.115682] BIOS EDD facility v0.16 2004-Jun-25, 0 devices found
[    2.123043] EDD information not available.
[    2.132930] Freeing unused kernel image memory: 2468K
[    2.162070] Write protecting the kernel read-only data: 20480k
[    2.175623] Freeing unused kernel image memory: 2008K
[    2.182548] Freeing unused kernel image memory: 1820K
[    2.195144] x86/mm: Checked W+X mappings: passed, no W+X pages found.
[    2.202347] x86/mm: Checking user space page tables
[    2.214649] x86/mm: Checked W+X mappings: passed, no W+X pages found.
Loading, please wait...
starting version 237
[    2.319568] e1000: Intel(R) PRO/1000 Network Driver - version 7.3.21-k8-NAPI
[    2.331031] e1000: Copyright (c) 1999-2006 Intel Corporation.
[    2.373805] Fusion MPT base driver 3.04.20
[    2.380066] Copyright (c) 1999-2008 LSI Corporation
[    2.411206] Fusion MPT SPI Host driver 3.04.20
[    2.596506] input: ImExPS/2 Generic Explorer Mouse as /devices/platform/i8042/serio1/input/input4
[    3.114856] e1000 0000:00:03.0 eth0: (PCI:33MHz:32-bit) 02:a0:66:c7:c8:08
[    3.123145] e1000 0000:00:03.0 eth0: Intel(R) PRO/1000 Network Connection
[    3.133287] mptbase: ioc0: Initiating bringup
[    3.134842] e1000 0000:00:03.0 enp0s3: renamed from eth0
[    3.260877] ioc0: LSI53C1030 A0: Capabilities={Initiator}
[    3.523769] scsi host2: ioc0: LSI53C1030 A0, FwRev=00000000h, Ports=1, MaxQ=256, IRQ=20
[    3.702829] scsi 2:0:0:0: Direct-Access     VBOX     HARDDISK         1.0  PQ: 0 ANSI: 5
[    3.744146] scsi target2:0:0: Beginning Domain Validation
[    3.761726] scsi target2:0:0: Domain Validation skipping write tests
[    3.770962] scsi target2:0:0: Ending Domain Validation
[    3.778027] scsi target2:0:0: asynchronous
[    3.785910] random: fast init done
[    3.790532] scsi 2:0:1:0: Direct-Access     VBOX     HARDDISK         1.0  PQ: 0 ANSI: 5
[    3.829052] scsi target2:0:1: Beginning Domain Validation
[    3.846195] scsi target2:0:1: Domain Validation skipping write tests
[    3.854077] scsi target2:0:1: Ending Domain Validation
[    3.861033] scsi target2:0:1: asynchronous
[    3.883902] random: systemd-udevd: uninitialized urandom read (16 bytes read)
[    3.884010] sd 2:0:0:0: Attached scsi generic sg0 type 0
[    3.892266] random: systemd-udevd: uninitialized urandom read (16 bytes read)
[    3.906637] random: systemd-udevd: uninitialized urandom read (16 bytes read)
[    3.915001] sd 2:0:0:0: [sda] 83886080 512-byte logical blocks: (42.9 GB/40.0 GiB)
[    3.915429] sd 2:0:1:0: Attached scsi generic sg1 type 0
[    3.930677] sd 2:0:0:0: [sda] Write Protect is off
[    3.936789] sd 2:0:1:0: [sdb] 20480 512-byte logical blocks: (10.5 MB/10.0 MiB)
[    3.945974] sd 2:0:1:0: [sdb] Write Protect is off
[    3.952483] sd 2:0:0:0: [sda] Incomplete mode parameter data
[    3.959175] sd 2:0:0:0: [sda] Assuming drive cache: write through
[    3.967747] sd 2:0:1:0: [sdb] Incomplete mode parameter data
[    3.974427] sd 2:0:1:0: [sdb] Assuming drive cache: write through
[    3.989048]  sda: sda1
[    3.993695] sd 2:0:1:0: [sdb] Attached SCSI disk
[    4.004677] sd 2:0:0:0: [sda] Attached SCSI disk
Begin: Loading essential drivers ... [    6.356415] raid6: sse2x1   gen() 10157 MB/s
[    6.408265] raid6: sse2x1   xor()  7553 MB/s
[    6.460093] raid6: sse2x2   gen() 13685 MB/s
[    6.512683] raid6: sse2x2   xor()  9197 MB/s
[    6.564453] raid6: sse2x4   gen() 15215 MB/s
[    6.616154] raid6: sse2x4   xor()  9953 MB/s
[    6.621560] raid6: using algorithm sse2x4 gen() 15215 MB/s
[    6.627610] raid6: .... xor() 9953 MB/s, rmw enabled
[    6.633189] raid6: using ssse3x2 recovery algorithm
[    6.641977] xor: measuring software checksum speed
[   11.380636]    prefetch64-sse: -330756.-296 MB/sec
[   11.498113]    generic_sse: 33914.000 MB/sec
[   11.503829] xor: using function: generic_sse (33914.000 MB/sec)
[   11.514727] async_tx: api initialized (async)
done.
Begin: Running /scripts/init-premount ... done.
Begin: Mounting root file system ... Begin: Running /scripts/local-top ... done.
Begin: Running /scripts/local-premount ... [   11.606229] Btrfs loaded, crc32c=crc32c-intel
Scanning for Btrfs filesystems
done.
Warning: fsck not present, so skipping root file system
[   11.685134] EXT4-fs (sda1): mounted filesystem with ordered data mode. Opts: (null)
done.
Begin: Running /scripts/local-bottom ... done.
Begin: Running /scripts/init-bottom ... done.
[   12.024443] ip_tables: (C) 2000-2006 Netfilter Core Team
[   12.056401] systemd[1]: systemd 237 running in system mode. (+PAM +AUDIT +SELINUX +IMA +APPARMOR +SMACK +SYSVINIT +UTMP +LIBCRYPTSETUP +GCRYPT +GNUTLS +ACL +XZ +LZ4 +SECCOMP +BLKID +ELFUTILS +KMOD -IDN2 +IDN -PCRE2 default-hierarchy=hybrid)
[   12.077420] systemd[1]: Detected virtualization oracle.
[   12.083107] systemd[1]: Detected architecture x86-64.

Welcome to [1mUbuntu 18.04.6 LTS[0m!

[   12.133013] systemd[1]: Set hostname to <ubuntu>.
[   12.147419] systemd[1]: Initializing machine ID from random generator.
[   12.154283] systemd[1]: Installed transient /etc/machine-id file.
[   12.754907] systemd[1]: Created slice System Slice.
[[0;32m  OK  [0m] Created slice System Slice.
[   12.834539] systemd[1]: Listening on Journal Socket (/dev/log).
[[0;32m  OK  [0m] Listening on Journal Socket (/dev/log).
[   12.856566] systemd[1]: Reached target System Time Synchronized.
[[0;32m  OK  [0m] Reached target System Time Synchronized.
[   12.866115] systemd[1]: Listening on udev Control Socket.
[[0;32m  OK  [0m] Listening on udev Control Socket.
[[0;32m  OK  [0m] Listening on LVM2 metadata daemon socket.
[[0;32m  OK  [0m] Listening on Journal Socket.
         Starting Set the console keyboard layout...
         Starting Uncomplicated firewall...
         Starting Load Kernel Modules...
[[0;32m  OK  [0m] Started Forward Password Requests to Wall Directory Watch.
[[0;32m  OK  [0m] Reached target Swap.
[[0;32m  OK  [0m] Listening on Syslog Socket.
[[0;32m  OK  [0m] Listening on /dev/initctl Compatibility Named Pipe.
[[0;32m  OK  [0m] Listening on Device-mapper event daemon FIFOs.
[[0;32m  OK  [0m] Reached target User and Group Name Lookups.
[[0;32m  OK  [0m] Listening on Journal Audit Socket.
[[0;32m  OK  [0m] Listening on LVM2 poll daemon socket.
[[0;32m  OK  [0m] Listening on Network Service Netlink Socket.
         Mounting Huge Pages File System...
[   12.948464] Loading iSCSI transport class v2.0-870.
         Starting Create list of required st…ce nodes for the current kernel...
         Starting Journal Service...
[[0;32m  OK  [0m] Created slice system-serial\x2dgetty.slice.
[[0;32m  OK  [0m] Created slice User and Session Slice.
         Starting Monitoring of LVM2 mirrors…ng dmeventd or progress polling...
[   13.015975] iscsi: registered transport (tcp)
         Mounting Kernel Debug File System...
[[0;32m  OK  [0m] Reached target Slices.
         Mounting POSIX Message Queue File System...
[[0;32m  OK  [0m] Listening on fsck to fsckd communication Socket.
         Starting File System Check on Root Device...
[[0;32m  OK  [0m] Set up automount Arbitrary Executab…rmats File System Automount Point.
[[0;32m  OK  [0m] Listening on udev Kernel Socket.
         Starting udev Coldplug all Devices...
[[0;32m  OK  [0m] Started Journal Service.
[[0;32m  OK  [0m] Started Uncomplicated firewall.
[[0;32m  OK  [0m] Mounted Huge Pages File System.
[[0;32m  OK  [0m] Started Create list of required sta…vice nodes for the current kernel.
[[0;32m  OK  [0m] Mounted Kernel Debug File System.
[   13.150754] iscsi: registered transport (iser)
[[0;32m  OK  [0m] Mounted POSIX Message Queue File System.
[[0;32m  OK  [0m] Started File System Check Daemon to report status.
         Starting Create Static Device Nodes in /dev...
[[0;32m  OK  [0m] Started Load Kernel Modules.
         Mounting FUSE Control File System...
         Starting Apply Kernel Variables...
         Mounting Kernel Configuration File System...
[[0;32m  OK  [0m] Mounted FUSE Control File System.
[[0;32m  OK  [0m] Mounted Kernel Configuration File System.
[[0;32m  OK  [0m] Started File System Check on Root Device.
         Starting Remount Root and Kernel File Systems...
[[0;32m  OK  [0m] Started LVM2 metadata daemon.
[[0;32m  OK  [0m] Started udev Coldplug all Devices.
[[0;32m  OK  [0m] Started Create Static Device Nodes in /dev.
[[0;32m  OK  [0m] Started Apply Kernel Variables.
[[0;32m  OK  [0m] Started Remount Root and Kernel File Systems.
         Starting Flush Journal to Persistent Storage...
         Starting Load/Save Random Seed...
         Starting udev Kernel Device Manager...
[[0;32m  OK  [0m] Started Monitoring of LVM2 mirrors,…sing dmeventd or progress polling.
[[0;32m  OK  [0m] Started Load/Save Random Seed.
[[0;32m  OK  [0m] Started udev Kernel Device Manager.
[[0;32m  OK  [0m] Started Flush Journal to Persistent Storage.
[[0;32m  OK  [0m] Found device /dev/ttyS0.
[[0;32m  OK  [0m] Listening on Load/Save RF Kill Switch Status /dev/rfkill Watch.
[[0;32m  OK  [0m] Started Set the console keyboard layout.
[[0;32m  OK  [0m] Reached target Local File Systems (Pre).
[[0;32m  OK  [0m] Reached target Local File Systems.
         Starting ebtables ruleset management...
         Starting Commit a transient machine-id on disk...
         Starting AppArmor initialization...
         Starting Create Volatile Files and Directories...
         Starting Set console font and keymap...
         Starting Tell Plymouth To Write Out Runtime Data...
[[0;32m  OK  [0m] Started Dispatch Password Requests to Console Directory Watch.
[[0;32m  OK  [0m] Reached target Local Encrypted Volumes.
[[0;32m  OK  [0m] Started Tell Plymouth To Write Out Runtime Data.
[[0;32m  OK  [0m] Started Create Volatile Files and Directories.
         Starting Update UTMP about System Boot/Shutdown...
[[0;32m  OK  [0m] Started Update UTMP about System Boot/Shutdown.
[[0;32m  OK  [0m] Started Commit a transient machine-id on disk.
[[0;32m  OK  [0m] Started ebtables ruleset management.
[[0;32m  OK  [0m] Started AppArmor initialization.
         Starting Load AppArmor profiles managed internally by snapd...
         Starting Initial cloud-init job (pre-networking)...
[[0;32m  OK  [0m] Started Load AppArmor profiles managed internally by snapd.
[[0;32m  OK  [0m] Started Set console font and keymap.
[   17.993325] cloud-init[745]: Cloud-init v. 22.2-0ubuntu1~18.04.3 running 'init-local' at Fri, 14 Oct 2022 19:02:11 +0000. Up 17.54 seconds.
[[0;32m  OK  [0m] Started Initial cloud-init job (pre-networking).
[[0;32m  OK  [0m] Reached target Network (Pre).
         Starting Network Service...
[[0;32m  OK  [0m] Started Network Service.
         Starting Wait for Network to be Configured...
         Starting Network Name Resolution...
[[0;32m  OK  [0m] Started Network Name Resolution.
[[0;32m  OK  [0m] Reached target Network.
[[0;32m  OK  [0m] Reached target Host and Network Name Lookups.
[[0;32m  OK  [0m] Started Wait for Network to be Configured.
         Starting Initial cloud-init job (metadata service crawler)...
[   20.200693] cloud-init[880]: Cloud-init v. 22.2-0ubuntu1~18.04.3 running 'init' at Fri, 14 Oct 2022 19:02:14 +0000. Up 20.04 seconds.
[   20.209131] cloud-init[880]: ci-info: ++++++++++++++++++++++++++++++++++++++Net device info++++++++++++++++++++++++++++++++++++++
[   20.218267] cloud-init[880]: ci-info: +--------+------+----------------------------+---------------+--------+-------------------+
[   20.226902] cloud-init[880]: ci-info: | Device |  Up  |          Address           |      Mask     | Scope  |     Hw-Address    |
[   20.231641] cloud-init[880]: ci-info: +--------+------+----------------------------+---------------+--------+-------------------+
[   20.236384] cloud-init[880]: ci-info: | enp0s3 | True |         10.0.2.15          | 255.255.255.0 | global | 02:a0:66:c7:c8:08 |
[   20.240549] cloud-init[880]: ci-info: | enp0s3 | True | fe80::a0:66ff:fec7:c808/64 |       .       |  link  | 02:a0:66:c7:c8:08 |
[   20.245088] cloud-init[880]: ci-info: |   lo   | True |         127.0.0.1          |   255.0.0.0   |  host  |         .         |
[   20.249308] cloud-init[880]: ci-info: |   lo   | True |          ::1/128           |       .       |  host  |         .         |
[   20.253765] cloud-init[880]: ci-info: +--------+------+----------------------------+---------------+--------+-------------------+
[   20.258081] cloud-init[880]: ci-info: ++++++++++++++++++++++++++++Route IPv4 info+++++++++++++++++++++++++++++
[   20.261867] cloud-init[880]: ci-info: +-------+-------------+----------+-----------------+-----------+-------+
[   20.265796] cloud-init[880]: ci-info: | Route | Destination | Gateway  |     Genmask     | Interface | Flags |
[   20.269445] cloud-init[880]: ci-info: +-------+-------------+----------+-----------------+-----------+-------+
[   20.274403] cloud-init[880]: ci-info: |   0   |   0.0.0.0   | 10.0.2.2 |     0.0.0.0     |   enp0s3  |   UG  |
[   20.284334] cloud-init[880]: ci-info: |   1   |   10.0.2.0  | 0.0.0.0  |  255.255.255.0  |   enp0s3  |   U   |
[   20.301610] cloud-init[880]: ci-info: |   2   |   10.0.2.2  | 0.0.0.0  | 255.255.255.255 |   enp0s3  |   UH  |
[   20.306048] cloud-init[880]: ci-info: +-------+-------------+----------+-----------------+-----------+-------+
[   20.310062] cloud-init[880]: ci-info: +++++++++++++++++++Route IPv6 info+++++++++++++++++++
[   20.313614] cloud-init[880]: ci-info: +-------+-------------+---------+-----------+-------+
[   20.317546] cloud-init[880]: ci-info: | Route | Destination | Gateway | Interface | Flags |
[   20.322194] cloud-init[880]: ci-info: +-------+-------------+---------+-----------+-------+
[   20.327429] cloud-init[880]: ci-info: |   1   |  fe80::/64  |    ::   |   enp0s3  |   U   |
[   20.331989] cloud-init[880]: ci-info: |   3   |    local    |    ::   |   enp0s3  |   U   |
[   20.337055] cloud-init[880]: ci-info: |   4   |   ff00::/8  |    ::   |   enp0s3  |   U   |
[   20.340675] cloud-init[880]: ci-info: +-------+-------------+---------+-----------+-------+
[   22.130972] cloud-init[880]: Generating public/private rsa key pair.
[   22.133637] cloud-init[880]: Your identification has been saved in /etc/ssh/ssh_host_rsa_key.
[   22.136940] cloud-init[880]: Your public key has been saved in /etc/ssh/ssh_host_rsa_key.pub.
[   22.140236] cloud-init[880]: The key fingerprint is:
[   22.142227] cloud-init[880]: SHA256:NkpdtAzSIfzGgfJvc1KdpWo4wGLXFTnRzs/6dLuPO3Q root@ubuntu-bionic
[   22.145439] cloud-init[880]: The key's randomart image is:
[   22.147462] cloud-init[880]: +---[RSA 2048]----+
[   22.149338] cloud-init[880]: |     .ooo.+=     |
[   22.151447] cloud-init[880]: |    . ooo++.. .  |
[   22.153579] cloud-init[880]: |     + + o+= +   |
[   22.157929] cloud-init[880]: |    o =.=.. *    |
[   22.162480] cloud-init[880]: |   . o.+So . o   |
[   22.166892] cloud-init[880]: |     . oB.+   + E|
[   22.171453] cloud-init[880]: |      .. *   o...|
[   22.176569] cloud-init[880]: |            ...o.|
[   22.180696] cloud-init[880]: |             .+=+|
[   22.185032] cloud-init[880]: +----[SHA256]-----+
[   22.189370] cloud-init[880]: Generating public/private dsa key pair.
[   22.194903] cloud-init[880]: Your identification has been saved in /etc/ssh/ssh_host_dsa_key.
[   22.200805] cloud-init[880]: Your public key has been saved in /etc/ssh/ssh_host_dsa_key.pub.
[[0;32m  OK  [0m] Started Initial cloud-init job (metadata service crawler).
[[0;32m  OK  [0m] Reached target Network is Online.
[[0;32m  OK  [0m] Reached target Remote File Systems (Pre).
[[0;32m  OK  [0m] Reached target Remote File Systems.
         Starting Availability of block devices...
[[0;32m  OK  [0m] Reached target Cloud-config availability.
[[0;32m  OK  [0m] Reached target System Initialization.
[[0;32m  OK  [0m] Listening on ACPID Listen Socket.
[[0;32m  OK  [0m] Listening on D-Bus System Message Bus Socket.
[[0;32m  OK  [0m] Listening on cloud-init hotplug hook socket.
[[0;32m  OK  [0m] Started ACPI Events Check.
[[0;32m  OK  [0m] Started Ubuntu Advantage Timer for running repeated jobs.
[[0;32m  OK  [0m] Listening on UUID daemon activation socket.
[[0;32m  OK  [0m] Reached target Paths.
[[0;32m  OK  [0m] Started Message of the Day.
[[0;32m  OK  [0m] Started Discard unused blocks once a week.
         Starting LXD - unix socket.
         Starting Socket activation for snappy daemon.
[[0;32m  OK  [0m] Started Daily apt download activities.
[[0;32m  OK  [0m] Started Daily apt upgrade and clean activities.
[[0;32m  OK  [0m] Started Daily Cleanup of Temporary Directories.
[[0;32m  OK  [0m] Reached target Timers.
[[0;32m  OK  [0m] Listening on Open-iSCSI iscsid Socket.
[[0;32m  OK  [0m] Started Availability of block devices.
[[0;32m  OK  [0m] Listening on LXD - unix socket.
[[0;32m  OK  [0m] Listening on Socket activation for snappy daemon.
[[0;32m  OK  [0m] Reached target Sockets.
[[0;32m  OK  [0m] Reached target Basic System.
         Starting Dispatcher daemon for systemd-networkd...
         Starting System Logging Service...
         Starting Virtualbox guest utils...
         Starting Accounts Service...
[[0;32m  OK  [0m] Started FUSE filesystem for LXC.
[[0;32m  OK  [0m] Started Deferred execution scheduler.
[   22.270399] cloud-init[880]: The key fingerprint is:
[   22.272749] cloud-init[880]: SHA256:stuYdK6pPoBFbiCQiYaQtUzYL4TWin5ycvleTNS9AGI root@ubuntu-bionic
         Starting Pollinate to seed the pseudo random number generator...
         Starting LSB: Record successful boot for GRUB...
[   22.282142] cloud-init[880]: The key's randomart image is:
[   22.300234] cloud-init[880]: +---[DSA 1024]----+
[   22.305386] cloud-init[880]: |BO+  E .         |
[   22.311100] cloud-init[880]: |@=+o. . o .      |
[   22.316976] cloud-init[880]: |==+.   . o .     |
[   22.322315] cloud-init[880]: |..= . .   . .    |
[   22.327116] cloud-init[880]: |.+ .. ..S  .     |
[   22.354237] cloud-init[880]: |.+.=  oo         |
[   22.356657] cloud-init[880]: |  *.. oo.        |
[   22.358548] cloud-init[880]: |    .o.O         |
[   22.360582] cloud-init[880]: |   .++*.o        |
[   22.362906] cloud-init[880]: +----[SHA256]-----+
[   22.364786] cloud-init[880]: Generating public/private ecdsa key pair.
[   22.368009] cloud-init[880]: Your identification has been saved in /etc/ssh/ssh_host_ecdsa_key.
[   22.372495] cloud-init[880]: Your public key has been saved in /etc/ssh/ssh_host_ecdsa_key.pub.
[   22.378662] cloud-init[880]: The key fingerprint is:
[   22.382025] cloud-init[880]: SHA256:Kztte9jIJDm5jlMSwxyoyC7tarNd3i+xpVtOzXUzBAY root@ubuntu-bionic
[   22.385609] cloud-init[880]: The key's randomart image is:
[   22.388555] cloud-init[880]: +---[ECDSA 256]---+
[   22.390987] cloud-init[880]: |   .       E.o   |
[   22.393557] cloud-init[880]: |  . .       . .  |
[   22.398957] cloud-init[880]: |o. o .         . |
[   22.412049] cloud-init[880]: |o.  =         .  |
[   22.416831] [[0;32m  OK  [0m] Started irqbalance daemon.
[[0;32m  OK  [0m] Started D-Bus System Message Bus.
cloud-init[880]: |..   o oS    . + |
[   22.431806] cloud-init[880]: |... . *..oo . . o|
[   22.443836] cloud-init[880]: |..   +.B** o     |
[   22.451277] cloud-init[880]: | oo +.+*X o      |
[   22.456816] cloud-init[880]: |ooo..+o===       |
[   22.462560] cloud-init[880]: +----[SHA256]-----+
[   22.467391] cloud-init[880]: Generating public/private ed25519 key pair.
[   22.474002] cloud-init[880]: Your identification has been saved in /etc/ssh/ssh_host_ed25519_key.
[   22.481734] cloud-init[880]: Your public key has been saved in /etc/ssh/ssh_host_ed25519_key.pub.
[   22.489537] cloud-init[880]: The key fingerprint is:
[   22.495300] cloud-init[880]: SHA256:QIfntE3z6KcFyvw4m6PWsrRZ1dvUrYA1HYwyZrujLBA root@ubuntu-bionic
         Starting LSB: automatic crash report generation...
         Starting Permit User Sessions...
         Starting Login Service...
         Starting LXD - container startup/shutdown...
[   22.517977] cloud-init[880]: The key's randomart image is:
[   22.534525] cloud-init[880]: +--[ED25519 256]--+
[   22.543791] cloud-init[880]: |      ...    o.  |
[   22.551302] cloud-init[880]: |     ...o B .... |
[   22.558042] cloud-init[880]: |      .+ * Bo .  |
[   22.576721] cloud-init[880]: |    E  .o =+.. ..|
[   22.592951] [[0;32m  OK  [0m] Started Regular background program processing daemon.
cloud-init[880]: |     . oSoooo . o|
[   22.614766] cloud-init[880]: |    .   +.+ o= . |
[   22.624847] cloud-init[880]: |     ..o.+ =. o  |
[   22.628329] cloud-init[880]: |     .++B.o      |
         Starting Snap Daemon...
[   22.636657] [[0;32m  OK  [0m] Started System Logging Service.
[[0;32m  OK  [0m] Started Permit User Sessions.
cloud-init[880]: |     .==o+       |
[   22.653417] cloud-init[880]: +----[SHA256]-----+
[[0;32m  OK  [0m] Started Login Service.
[[0;32m  OK  [0m] Started Unattended Upgrades Shutdown.
         Starting Authorization Manager...
         Starting Hold until boot process finishes up...
         Starting Terminate Plymouth Boot Screen...
[[0;32m  OK  [0m] Started Hold until boot process finishes up.
         Starting Set console scheme...
[[0;32m  OK  [0m] Started Serial Getty on ttyS0.
[[0;32m  OK  [0m] Started Terminate Plymouth Boot Screen.
[[0;32m  OK  [0m] Started Authorization Manager.
[[0;32m  OK  [0m] Started Accounts Service.
[[0;32m  OK  [0m] Started Set console scheme.
[[0;32m  OK  [0m] Created slice system-getty.slice.
[[0;32m  OK  [0m] Started Getty on tty1.
[[0;32m  OK  [0m] Reached target Login Prompts.
[[0;32m  OK  [0m] Started LSB: automatic crash report generation.
[[0;32m  OK  [0m] Started LSB: Record successful boot for GRUB.
[[0;32m  OK  [0m] Started Virtualbox guest utils.
[[0;32m  OK  [0m] Started LXD - container startup/shutdown.
[[0;32m  OK  [0m] Started Dispatcher daemon for systemd-networkd.
[[0;32m  OK  [0m] Started Snap Daemon.
         Starting Wait until snapd is fully seeded...
         Starting Time & Date Service...
[[0;32m  OK  [0m] Started Time & Date Service.
[[0;32m  OK  [0m] Started Pollinate to seed the pseudo random number generator.
         Starting OpenBSD Secure Shell server...
[[0;32m  OK  [0m] Started OpenBSD Secure Shell server.
[[0;32m  OK  [0m] Started Wait until snapd is fully seeded.
         Starting Apply the settings specified in cloud-config...
[[0;32m  OK  [0m] Created slice User Slice of vagrant.
         Starting User Manager for UID 1000...
[[0;32m  OK  [0m] Started Session 1 of user vagrant.
[[0;32m  OK  [0m] Started User Manager for UID 1000.
[   27.795727] cloud-init[1346]: Cloud-init v. 22.2-0ubuntu1~18.04.3 running 'modules:config' at Fri, 14 Oct 2022 19:02:21 +0000. Up 26.77 seconds.
ci-info: no authorized SSH keys fingerprints found for user ubuntu.
<14>Oct 14 19:02:23 cloud-init: #############################################################
<14>Oct 14 19:02:23 cloud-init: -----BEGIN SSH HOST KEY FINGERPRINTS-----
<14>Oct 14 19:02:23 cloud-init: 1024 SHA256:stuYdK6pPoBFbiCQiYaQtUzYL4TWin5ycvleTNS9AGI root@ubuntu-bionic (DSA)
<14>Oct 14 19:02:23 cloud-init: 256 SHA256:Kztte9jIJDm5jlMSwxyoyC7tarNd3i+xpVtOzXUzBAY root@ubuntu-bionic (ECDSA)
<14>Oct 14 19:02:23 cloud-init: 256 SHA256:QIfntE3z6KcFyvw4m6PWsrRZ1dvUrYA1HYwyZrujLBA root@ubuntu-bionic (ED25519)
<14>Oct 14 19:02:23 cloud-init: 2048 SHA256:NkpdtAzSIfzGgfJvc1KdpWo4wGLXFTnRzs/6dLuPO3Q root@ubuntu-bionic (RSA)
<14>Oct 14 19:02:23 cloud-init: -----END SSH HOST KEY FINGERPRINTS-----
<14>Oct 14 19:02:23 cloud-init: #############################################################
-----BEGIN SSH HOST KEY KEYS-----
ecdsa-sha2-nistp256 AAAAE2VjZHNhLXNoYTItbmlzdHAyNTYAAAAIbmlzdHAyNTYAAABBBKOY2FTS+9RvSN0104JpU1lAvB5pF5y4ARIkKEv/HDgx3/tt6p5hSIZmjOHfAhs6c5scXdIAdo718Vcs/Mt0zto= root@ubuntu-bionic
ssh-ed25519 AAAAC3NzaC1lZDI1NTE5AAAAICv7JMHtPNJBBQjqa0q6nCl3T+DcP2vfw6OsvemFwGqC root@ubuntu-bionic
ssh-rsa AAAAB3NzaC1yc2EAAAADAQABAAABAQC6CUkXDLGg2CCElbw6hWFsC1cLDceZyAwdGc0NvSPLYyXrqtmWUaUQS+yP5CXrjN82naOOes4zYzotrgP7aVL0CV/UMgj8AoioZIGynm4a9+6mNBvDV5dJfd9kiFmob09W5lW1ZisYazKaApwNcS0Q0l7U4ru8jVWeVSEv8SvAsMbEp6yqFi7bp27idl46i/PL8moSZ7k08qjwO7+fb52v89r/4YY5icuJUTE10/PDcfxVAVjpUNIES/zyDvApgAH6nQ68sSinVXpwxjblXDshz4fZe6K4Yf/d7WaK6+xJVytplanHPj/UCx+wn3tAMePwfuJ4sWQwig9rwsQ/w3HN root@ubuntu-bionic
-----END SSH HOST KEY KEYS-----

Ubuntu 18.04.6[   28.913178] cloud-init[1460]: Cloud-init v. 22.2-0ubuntu1~18.04.3 running 'modules:final' at Fri, 14 Oct 2022 19:02:22 +0000. Up 28.44 seconds. LTS ubuntu-bionic
[   28.925831] cloud-init[1460]: Cloud-init v. 22.2-0ubuntu1~18.04.3 finished at Fri, 14 Oct 2022 19:02:23 +0000. Datasource DataSourceNoCloud [seed=/dev/sdb][dsmode=net].  Up 28.90 seconds ttyS0


ubuntu-bionic login: 